2026-03-22 12:19:50,947 | ERROR | [ERROR] 'VideoService' object has no attribute 'video_service'
2026-03-22 12:30:10,151 | ERROR | [ERROR] 'VideoService' object has no attribute 'ydl'
2026-03-22 12:43:37,412 | INFO | [START] Full process for skso_fkQcg0
2026-03-22 12:55:51,222 | INFO | [FINISHED] Total: 737.86s
2026-03-23 12:16:25,436 | INFO | [f7910d99] 🚀 Request received: https://youtu.be/6YW7Zu9KO98?si=wR0vR38GbCGqopTG | Lang: he
2026-03-23 12:16:29,164 | INFO | [f7910d99] Video duration: 212s
2026-03-23 12:16:29,165 | INFO | [f7910d99] [START] Full process for 6YW7Zu9KO98
2026-03-23 12:19:16,179 | INFO | [f7910d99] Finished in 170.73s
2026-03-23 12:48:47,817 | INFO | [012bb641] 🚀 Request received: https://youtu.be/ra0FlN5NBG4?si=7ruUm-iqs7If5uzp | Lang: he
2026-03-23 12:48:50,837 | INFO | [012bb641] Video duration: 203s
2026-03-23 12:48:50,837 | INFO | [012bb641] [START] Full process for ra0FlN5NBG4
2026-03-23 12:59:41,271 | INFO | [API] Translating segments via Google Translator...
2026-03-23 13:00:55,033 | INFO | [SAVED] Translation cache created: storage/subtitles/ra0FlN5NBG4_he.json
2026-03-23 13:00:55,052 | INFO | [012bb641] Finished in 727.23s
2026-03-23 13:16:09,002 | INFO | --- Server starting up... Running Cleanup ---
2026-03-23 13:16:09,020 | INFO | [CLEANUP] Deleted 5 old files from storage/video
2026-03-23 13:16:09,033 | INFO | [CLEANUP] Deleted 5 old files from storage/audio
2026-03-23 13:16:09,069 | INFO | [CLEANUP] Deleted 26 old files from storage/subtitles
2026-03-23 13:20:31,002 | INFO | --- Server starting up... Running Cleanup ---
2026-03-23 13:23:31,626 | INFO | --- Server starting up... Running Cleanup ---
2026-03-23 13:23:31,635 | INFO | [CLEANUP] Deleted 1 old files from storage/video
2026-03-23 13:23:31,639 | INFO | [CLEANUP] Deleted 1 old files from storage/audio
2026-03-23 13:23:31,654 | INFO | [CLEANUP] Deleted 7 old files from storage/subtitles
2026-03-23 13:37:46,877 | INFO | --- Server starting up... Running Cleanup ---
2026-03-23 13:37:58,734 | INFO | [f234d50f] Request received: https://youtu.be/ra0FlN5NBG4?si=7ruUm-iqs7If5uzp | Lang: he
2026-03-23 13:38:02,786 | INFO | [33aff658] Request received: https://youtu.be/ra0FlN5NBG4?si=7ruUm-iqs7If5uzp | Lang: he
2026-03-23 13:38:06,065 | INFO | [f234d50f] Super Fast Cache Hit! No network calls needed.
2026-03-23 13:38:06,069 | INFO | [33aff658] Super Fast Cache Hit! No network calls needed.
2026-03-24 09:52:51,814 | INFO | --- Server starting up... Running Cleanup ---
2026-03-24 10:25:12,114 | INFO | --- Server starting up... Running Cleanup ---
2026-03-24 10:31:22,808 | INFO | --- Server starting up... Running Cleanup ---
2026-03-24 10:36:55,561 | INFO | --- Server starting up... Running Cleanup ---
2026-03-24 10:37:58,359 | INFO | --- Server starting up... Running Cleanup ---
2026-03-24 10:41:55,317 | INFO | --- Server starting up... Running Cleanup ---
2026-03-24 10:43:29,105 | INFO | --- Server starting up... Running Cleanup ---
2026-03-24 10:44:32,374 | INFO | [JOB CREATED] 2c11c9de-c75c-453e-8209-343de57fb316
2026-03-24 10:44:32,379 | INFO | Received request for URL: https://youtu.be/ra0FlN5NBG4?si=7ruUm-iqs7If5uzp. Created Job ID: 2c11c9de-c75c-453e-8209-343de57fb316
2026-03-24 10:51:31,446 | INFO | [JOB CREATED] f8073e0a-5344-4a73-acd1-a49897c4c895
2026-03-24 10:51:31,447 | INFO | Received request for URL: https://youtu.be/ra0FlN5NBG4?si=7ruUm-iqs7If5uzp. Created Job ID: f8073e0a-5344-4a73-acd1-a49897c4c895
2026-03-25 10:58:39,075 | INFO | --- Server starting up... Running Cleanup ---
2026-03-25 10:58:39,080 | INFO | [CLEANUP] Deleted 2 old files from storage/video
2026-03-25 10:58:39,083 | INFO | [CLEANUP] Deleted 2 old files from storage/audio
2026-03-25 10:58:39,091 | INFO | [CLEANUP] Deleted 12 old files from storage/subtitles
2026-03-25 11:01:38,023 | INFO | [JOB CREATED] 2c7ee206-0fd8-4e2a-903e-cd55e688a7d8
2026-03-25 11:01:38,023 | INFO | Received request for URL: https://youtu.be/ra0FlN5NBG4?si=Od6hnDuIY10q6KXb. Created Job ID: 2c7ee206-0fd8-4e2a-903e-cd55e688a7d8
2026-03-25 11:02:13,130 | INFO | Transcribing: storage\audio\ra0FlN5NBG4.mp3
2026-03-25 11:13:32,796 | ERROR | [TIMEOUT] Transcription took too long: 679.66s
2026-03-25 11:13:32,811 | ERROR | Transcription error: Transcription timeout (Exceeded 600s)
2026-03-25 11:13:32,817 | ERROR | [3e6030f0] Job 2c7ee206-0fd8-4e2a-903e-cd55e688a7d8 failed: 'segments'
2026-03-25 11:20:23,032 | INFO | --- Server starting up... Running Cleanup ---
2026-03-25 11:21:15,850 | INFO | --- Server starting up... Running Cleanup ---
2026-03-25 11:23:15,991 | INFO | --- Server starting up... Running Cleanup ---
2026-03-25 11:28:46,257 | INFO | --- Server starting up... Running Cleanup ---
2026-03-25 11:30:03,457 | INFO | --- Server starting up... Running Cleanup ---
2026-03-25 11:33:20,590 | INFO | --- Server starting up... Running Cleanup ---
2026-03-25 11:40:01,037 | INFO | [JOB CREATED] aa7a8e0f-73da-4247-9d87-8555ba51e71c
2026-03-25 11:40:01,043 | INFO | Received request for URL: https://www.youtube.com/watch?v=ra0FlN5NBG4. Created Job ID: aa7a8e0f-73da-4247-9d87-8555ba51e71c
2026-03-25 11:40:05,553 | INFO | Transcribing: storage\audio\ra0FlN5NBG4.mp3
2026-03-25 11:48:33,074 | INFO | Saved transcription to cache
2026-03-25 11:48:33,080 | INFO | [TIME] Transcription: 507.53s
2026-03-25 11:48:33,084 | INFO | [API] Translating segments via Google Translator...
2026-03-25 11:50:31,117 | INFO | [SAVED] Translation cache created: storage/subtitles/ra0FlN5NBG4_he.json
2026-03-25 11:50:31,492 | INFO | [5c3b0797] Job aa7a8e0f-73da-4247-9d87-8555ba51e71c completed successfully!
